-------------------------------------------------------------------------------
Test set: com.example.hello.UserRepositoryTests
-------------------------------------------------------------------------------
Tests run: 1, Failures: 0, Errors: 1, Skipped: 0, Time elapsed: 0.025 s <<< FAILURE! - in com.example.hello.UserRepositoryTests
com.example.hello.UserRepositoryTests  Time elapsed: 0.024 s  <<< ERROR!
org.springframework.beans.factory.BeanDefinitionStoreException: Failed to read candidate component class: file [C:\Users\MGSUser\Downloads\hello\hello\target\test-classes\com\example\hello\HelloApplicationTests.class]; nested exception is org.springframework.core.NestedIOException: ASM ClassReader failed to parse class file - probably due to a new Java class file version that isn't supported yet: file [C:\Users\MGSUser\Downloads\hello\hello\target\test-classes\com\example\hello\HelloApplicationTests.class]; nested exception is java.lang.IllegalArgumentException: Unsupported class file major version 61
Caused by: org.springframework.core.NestedIOException: ASM ClassReader failed to parse class file - probably due to a new Java class file version that isn't supported yet: file [C:\Users\MGSUser\Downloads\hello\hello\target\test-classes\com\example\hello\HelloApplicationTests.class]; nested exception is java.lang.IllegalArgumentException: Unsupported class file major version 61
Caused by: java.lang.IllegalArgumentException: Unsupported class file major version 61

